<?xml version="1.0" encoding="UTF-8"?>
<testsuite xmlns:xsi="http://www.w3.org/2001/XMLSchema-instance" xsi:noNamespaceSchemaLocation="https://maven.apache.org/surefire/maven-surefire-plugin/xsd/surefire-test-report.xsd" version="3.0.2" name="TestSuite" time="9.513" tests="2" errors="0" skipped="0" failures="0">
  <properties>
[...]
</properties>
  <testcase name="verify_account_registration" classname="testCases.TC001_AccountRegistrationTest" time="2.317">
    <system-err><![CDATA[2025-10-28T18:21:51.871929300Z main INFO Starting configuration XmlConfiguration[location=C:\Users\rambabu rockzz\eclipse-workspace\OpencartV121\target\test-classes\log4j2.xml, lastModified=2025-10-26T08:29:53.430Z]...
2025-10-28T18:21:51.872932700Z main INFO Configuration XmlConfiguration[location=C:\Users\rambabu rockzz\eclipse-workspace\OpencartV121\target\test-classes\log4j2.xml, lastModified=2025-10-26T08:29:53.430Z] started.
2025-10-28T18:21:51.874307400Z main INFO Stopping configuration org.apache.logging.log4j.core.config.DefaultConfiguration@5ae50ce6...
2025-10-28T18:21:51.874307400Z main INFO Configuration org.apache.logging.log4j.core.config.DefaultConfiguration@5ae50ce6 stopped.
Oct 28, 2025 11:51:53 PM org.openqa.selenium.devtools.CdpVersionFinder findNearestMatch
WARNING: Unable to find an exact match for CDP version 141, returning the closest version; found: 139; Please update to a Selenium version that supports CDP version 141
]]></system-err>
  </testcase>
  <testcase name="verify_Login" classname="testCases.TC002_LoginTest" time="2.263">
    <system-out><![CDATA[Screenshot taken successfully
]]></system-out>
    <system-err><![CDATA[Oct 28, 2025 11:51:57 PM org.openqa.selenium.devtools.CdpVersionFinder findNearestMatch
WARNING: Unable to find an exact match for CDP version 141, returning the closest version; found: 139; Please update to a Selenium version that supports CDP version 141
]]></system-err>
  </testcase>
</testsuite>